ARM GAS  C:\Users\MSTEFA~1\AppData\Local\Temp\ccKTFnhc.s 			page 1


   1              		.syntax unified
   2              		.cpu cortex-m3
   3              		.fpu softvfp
   4              		.eabi_attribute 20, 1
   5              		.eabi_attribute 21, 1
   6              		.eabi_attribute 23, 3
   7              		.eabi_attribute 24, 1
   8              		.eabi_attribute 25, 1
   9              		.eabi_attribute 26, 1
  10              		.eabi_attribute 30, 1
  11              		.eabi_attribute 34, 1
  12              		.eabi_attribute 18, 4
  13              		.thumb
  14              		.syntax unified
  15              		.file	"main.c"
  16              		.text
  17              	.Ltext0:
  18              		.cfi_sections	.debug_frame
  19              		.global	__aeabi_i2f
  20              		.global	__aeabi_fmul
  21              		.section	.text.battery_voltage,"ax",%progbits
  22              		.align	2
  23              		.global	battery_voltage
  24              		.thumb
  25              		.thumb_func
  26              		.type	battery_voltage, %function
  27              	battery_voltage:
  28              	.LFB65:
  29              		.file 1 "main.c"
   1:main.c        **** /* ========================================
   2:main.c        ****  *
   3:main.c        ****  * Copyright YOUR COMPANY, THE YEAR
   4:main.c        ****  * All Rights Reserved
   5:main.c        ****  * UNPUBLISHED, LICENSED SOFTWARE.
   6:main.c        ****  *
   7:main.c        ****  * CONFIDENTIAL AND PROPRIETARY INFORMATION
   8:main.c        ****  * WHICH IS THE PROPERTY OF your company.
   9:main.c        ****  *
  10:main.c        ****  * ========================================
  11:main.c        **** */
  12:main.c        **** #include "project.h"
  13:main.c        **** #include <stdio.h>
  14:main.c        **** 
  15:main.c        **** const float battery_voltage_convertion_coeffitient = 1.5;
  16:main.c        **** const float level_convert_coefficient = 5.0/4095.0;
  17:main.c        **** 
  18:main.c        **** float battery_voltage();
  19:main.c        **** 
  20:main.c        **** int main(void)
  21:main.c        **** {
  22:main.c        ****     
  23:main.c        ****     
  24:main.c        ****     
  25:main.c        ****     CyGlobalIntEnable; /* Enable global interrupts. */
  26:main.c        **** 
  27:main.c        ****     /* Place your initialization/startup code here (e.g. MyInst_Start()) */
  28:main.c        ****     UART_1_Start();    
ARM GAS  C:\Users\MSTEFA~1\AppData\Local\Temp\ccKTFnhc.s 			page 2


  29:main.c        ****     ADC_Battery_Start();
  30:main.c        ****     ADC_Battery_StartConvert();
  31:main.c        ****     
  32:main.c        ****     
  33:main.c        ****     printf("ADC Test...\n");
  34:main.c        ****  
  35:main.c        **** 
  36:main.c        ****     
  37:main.c        ****     
  38:main.c        ****     for(;;)
  39:main.c        ****     {
  40:main.c        ****         
  41:main.c        ****         float voltage = battery_voltage();
  42:main.c        ****         printf("The voltage is: %.8f V\n", voltage);
  43:main.c        ****         /* Place your application code here. */
  44:main.c        ****     }
  45:main.c        ****     return 0;
  46:main.c        ****   
  47:main.c        **** }
  48:main.c        **** 
  49:main.c        **** float battery_voltage(){
  30              		.loc 1 49 0
  31              		.cfi_startproc
  32              		@ args = 0, pretend = 0, frame = 0
  33              		@ frame_needed = 0, uses_anonymous_args = 0
  34 0000 10B5     		push	{r4, lr}
  35              		.cfi_def_cfa_offset 8
  36              		.cfi_offset 4, -8
  37              		.cfi_offset 14, -4
  38              	.LVL0:
  50:main.c        ****     float result = 0;
  51:main.c        ****     ADC_Battery_IsEndConversion(ADC_Battery_WAIT_FOR_RESULT);
  39              		.loc 1 51 0
  40 0002 0020     		movs	r0, #0
  41 0004 FFF7FEFF 		bl	ADC_Battery_IsEndConversion
  42              	.LVL1:
  52:main.c        ****     int16_t adc_value = ADC_Battery_GetResult16();
  43              		.loc 1 52 0
  44 0008 FFF7FEFF 		bl	ADC_Battery_GetResult16
  45              	.LVL2:
  46 000c 0446     		mov	r4, r0
  47              	.LVL3:
  53:main.c        ****     printf("level: %d\n", adc_value);
  48              		.loc 1 53 0
  49 000e 0146     		mov	r1, r0
  50 0010 0648     		ldr	r0, .L3
  51              	.LVL4:
  52 0012 FFF7FEFF 		bl	printf
  53              	.LVL5:
  54:main.c        ****     result = adc_value * battery_voltage_convertion_coeffitient * level_convert_coefficient;
  54              		.loc 1 54 0
  55 0016 2046     		mov	r0, r4
  56 0018 FFF7FEFF 		bl	__aeabi_i2f
  57              	.LVL6:
  58 001c 4FF07F51 		mov	r1, #1069547520
  59 0020 FFF7FEFF 		bl	__aeabi_fmul
  60              	.LVL7:
ARM GAS  C:\Users\MSTEFA~1\AppData\Local\Temp\ccKTFnhc.s 			page 3


  61 0024 0249     		ldr	r1, .L3+4
  62 0026 FFF7FEFF 		bl	__aeabi_fmul
  63              	.LVL8:
  55:main.c        **** 
  56:main.c        ****     return result;
  57:main.c        **** }
  64              		.loc 1 57 0
  65 002a 10BD     		pop	{r4, pc}
  66              	.L4:
  67              		.align	2
  68              	.L3:
  69 002c 00000000 		.word	.LC0
  70 0030 010AA03A 		.word	983566849
  71              		.cfi_endproc
  72              	.LFE65:
  73              		.size	battery_voltage, .-battery_voltage
  74              		.global	__aeabi_f2d
  75              		.section	.text.main,"ax",%progbits
  76              		.align	2
  77              		.global	main
  78              		.thumb
  79              		.thumb_func
  80              		.type	main, %function
  81              	main:
  82              	.LFB64:
  21:main.c        ****     
  83              		.loc 1 21 0
  84              		.cfi_startproc
  85              		@ args = 0, pretend = 0, frame = 0
  86              		@ frame_needed = 0, uses_anonymous_args = 0
  87 0000 08B5     		push	{r3, lr}
  88              		.cfi_def_cfa_offset 8
  89              		.cfi_offset 3, -8
  90              		.cfi_offset 14, -4
  25:main.c        **** 
  91              		.loc 1 25 0
  92              		.syntax unified
  93              	@ 25 "main.c" 1
  94 0002 62B6     		CPSIE   i
  95              	@ 0 "" 2
  28:main.c        ****     ADC_Battery_Start();
  96              		.loc 1 28 0
  97              		.thumb
  98              		.syntax unified
  99 0004 FFF7FEFF 		bl	UART_1_Start
 100              	.LVL9:
  29:main.c        ****     ADC_Battery_StartConvert();
 101              		.loc 1 29 0
 102 0008 FFF7FEFF 		bl	ADC_Battery_Start
 103              	.LVL10:
  30:main.c        ****     
 104              		.loc 1 30 0
 105 000c FFF7FEFF 		bl	ADC_Battery_StartConvert
 106              	.LVL11:
  33:main.c        ****  
 107              		.loc 1 33 0
 108 0010 0648     		ldr	r0, .L8
ARM GAS  C:\Users\MSTEFA~1\AppData\Local\Temp\ccKTFnhc.s 			page 4


 109 0012 FFF7FEFF 		bl	puts
 110              	.LVL12:
 111              	.L6:
 112              	.LBB2:
  41:main.c        ****         printf("The voltage is: %.8f V\n", voltage);
 113              		.loc 1 41 0 discriminator 1
 114 0016 FFF7FEFF 		bl	battery_voltage
 115              	.LVL13:
  42:main.c        ****         /* Place your application code here. */
 116              		.loc 1 42 0 discriminator 1
 117 001a FFF7FEFF 		bl	__aeabi_f2d
 118              	.LVL14:
 119 001e 0246     		mov	r2, r0
 120 0020 0B46     		mov	r3, r1
 121 0022 0348     		ldr	r0, .L8+4
 122 0024 FFF7FEFF 		bl	printf
 123              	.LVL15:
 124 0028 F5E7     		b	.L6
 125              	.L9:
 126 002a 00BF     		.align	2
 127              	.L8:
 128 002c 0C000000 		.word	.LC1
 129 0030 18000000 		.word	.LC2
 130              	.LBE2:
 131              		.cfi_endproc
 132              	.LFE64:
 133              		.size	main, .-main
 134              		.global	level_convert_coefficient
 135              		.global	battery_voltage_convertion_coeffitient
 136              		.section	.rodata
 137              		.align	2
 138              		.type	level_convert_coefficient, %object
 139              		.size	level_convert_coefficient, 4
 140              	level_convert_coefficient:
 141 0000 010AA03A 		.word	983566849
 142              		.type	battery_voltage_convertion_coeffitient, %object
 143              		.size	battery_voltage_convertion_coeffitient, 4
 144              	battery_voltage_convertion_coeffitient:
 145 0004 0000C03F 		.word	1069547520
 146              		.section	.rodata.str1.4,"aMS",%progbits,1
 147              		.align	2
 148              	.LC0:
 149 0000 6C657665 		.ascii	"level: %d\012\000"
 149      6C3A2025 
 149      640A00
 150 000b 00       		.space	1
 151              	.LC1:
 152 000c 41444320 		.ascii	"ADC Test...\000"
 152      54657374 
 152      2E2E2E00 
 153              	.LC2:
 154 0018 54686520 		.ascii	"The voltage is: %.8f V\012\000"
 154      766F6C74 
 154      61676520 
 154      69733A20 
 154      252E3866 
 155              		.text
ARM GAS  C:\Users\MSTEFA~1\AppData\Local\Temp\ccKTFnhc.s 			page 5


 156              	.Letext0:
 157              		.file 2 "c:\\program files (x86)\\cypress\\psoc creator\\4.2\\psoc creator\\import\\gnu\\arm\\5.4.
 158              		.file 3 "c:\\program files (x86)\\cypress\\psoc creator\\4.2\\psoc creator\\import\\gnu\\arm\\5.4.
 159              		.file 4 "Generated_Source\\PSoC5/core_cm3.h"
 160              		.file 5 "Generated_Source\\PSoC5/ADC_Battery.h"
 161              		.file 6 "c:\\program files (x86)\\cypress\\psoc creator\\4.2\\psoc creator\\import\\gnu\\arm\\5.4.
 162              		.file 7 "Generated_Source\\PSoC5/UART_1.h"
 163              		.file 8 "<built-in>"
 164              		.section	.debug_info,"",%progbits
 165              	.Ldebug_info0:
 166 0000 2E020000 		.4byte	0x22e
 167 0004 0400     		.2byte	0x4
 168 0006 00000000 		.4byte	.Ldebug_abbrev0
 169 000a 04       		.byte	0x4
 170 000b 01       		.uleb128 0x1
 171 000c 6E000000 		.4byte	.LASF30
 172 0010 0C       		.byte	0xc
 173 0011 FB010000 		.4byte	.LASF31
 174 0015 0E020000 		.4byte	.LASF32
 175 0019 00000000 		.4byte	.Ldebug_ranges0+0
 176 001d 00000000 		.4byte	0
 177 0021 00000000 		.4byte	.Ldebug_line0
 178 0025 02       		.uleb128 0x2
 179 0026 01       		.byte	0x1
 180 0027 06       		.byte	0x6
 181 0028 76020000 		.4byte	.LASF0
 182 002c 02       		.uleb128 0x2
 183 002d 01       		.byte	0x1
 184 002e 08       		.byte	0x8
 185 002f 60000000 		.4byte	.LASF1
 186 0033 03       		.uleb128 0x3
 187 0034 0D000000 		.4byte	.LASF4
 188 0038 02       		.byte	0x2
 189 0039 29       		.byte	0x29
 190 003a 3E000000 		.4byte	0x3e
 191 003e 02       		.uleb128 0x2
 192 003f 02       		.byte	0x2
 193 0040 05       		.byte	0x5
 194 0041 42020000 		.4byte	.LASF2
 195 0045 02       		.uleb128 0x2
 196 0046 02       		.byte	0x2
 197 0047 07       		.byte	0x7
 198 0048 0E010000 		.4byte	.LASF3
 199 004c 03       		.uleb128 0x3
 200 004d 27000000 		.4byte	.LASF5
 201 0051 02       		.byte	0x2
 202 0052 3F       		.byte	0x3f
 203 0053 57000000 		.4byte	0x57
 204 0057 02       		.uleb128 0x2
 205 0058 04       		.byte	0x4
 206 0059 05       		.byte	0x5
 207 005a 68020000 		.4byte	.LASF6
 208 005e 02       		.uleb128 0x2
 209 005f 04       		.byte	0x4
 210 0060 07       		.byte	0x7
 211 0061 FC000000 		.4byte	.LASF7
 212 0065 02       		.uleb128 0x2
ARM GAS  C:\Users\MSTEFA~1\AppData\Local\Temp\ccKTFnhc.s 			page 6


 213 0066 08       		.byte	0x8
 214 0067 05       		.byte	0x5
 215 0068 ED010000 		.4byte	.LASF8
 216 006c 02       		.uleb128 0x2
 217 006d 08       		.byte	0x8
 218 006e 07       		.byte	0x7
 219 006f A8010000 		.4byte	.LASF9
 220 0073 04       		.uleb128 0x4
 221 0074 04       		.byte	0x4
 222 0075 05       		.byte	0x5
 223 0076 696E7400 		.ascii	"int\000"
 224 007a 02       		.uleb128 0x2
 225 007b 04       		.byte	0x4
 226 007c 07       		.byte	0x7
 227 007d 83010000 		.4byte	.LASF10
 228 0081 03       		.uleb128 0x3
 229 0082 D0010000 		.4byte	.LASF11
 230 0086 03       		.byte	0x3
 231 0087 20       		.byte	0x20
 232 0088 33000000 		.4byte	0x33
 233 008c 03       		.uleb128 0x3
 234 008d 43000000 		.4byte	.LASF12
 235 0091 03       		.byte	0x3
 236 0092 2C       		.byte	0x2c
 237 0093 4C000000 		.4byte	0x4c
 238 0097 02       		.uleb128 0x2
 239 0098 04       		.byte	0x4
 240 0099 04       		.byte	0x4
 241 009a 4B000000 		.4byte	.LASF13
 242 009e 02       		.uleb128 0x2
 243 009f 08       		.byte	0x8
 244 00a0 04       		.byte	0x4
 245 00a1 36010000 		.4byte	.LASF14
 246 00a5 02       		.uleb128 0x2
 247 00a6 01       		.byte	0x1
 248 00a7 08       		.byte	0x8
 249 00a8 02020000 		.4byte	.LASF15
 250 00ac 02       		.uleb128 0x2
 251 00ad 08       		.byte	0x8
 252 00ae 04       		.byte	0x4
 253 00af D8010000 		.4byte	.LASF16
 254 00b3 02       		.uleb128 0x2
 255 00b4 04       		.byte	0x4
 256 00b5 07       		.byte	0x7
 257 00b6 E4010000 		.4byte	.LASF17
 258 00ba 05       		.uleb128 0x5
 259 00bb 17000000 		.4byte	.LASF33
 260 00bf 01       		.byte	0x1
 261 00c0 31       		.byte	0x31
 262 00c1 97000000 		.4byte	0x97
 263 00c5 00000000 		.4byte	.LFB65
 264 00c9 34000000 		.4byte	.LFE65-.LFB65
 265 00cd 01       		.uleb128 0x1
 266 00ce 9C       		.byte	0x9c
 267 00cf 27010000 		.4byte	0x127
 268 00d3 06       		.uleb128 0x6
 269 00d4 C9010000 		.4byte	.LASF18
ARM GAS  C:\Users\MSTEFA~1\AppData\Local\Temp\ccKTFnhc.s 			page 7


 270 00d8 01       		.byte	0x1
 271 00d9 32       		.byte	0x32
 272 00da 97000000 		.4byte	0x97
 273 00de 00000000 		.4byte	.LLST0
 274 00e2 06       		.uleb128 0x6
 275 00e3 BF010000 		.4byte	.LASF19
 276 00e7 01       		.byte	0x1
 277 00e8 34       		.byte	0x34
 278 00e9 81000000 		.4byte	0x81
 279 00ed 23000000 		.4byte	.LLST1
 280 00f1 07       		.uleb128 0x7
 281 00f2 08000000 		.4byte	.LVL1
 282 00f6 E0010000 		.4byte	0x1e0
 283 00fa 04010000 		.4byte	0x104
 284 00fe 08       		.uleb128 0x8
 285 00ff 01       		.uleb128 0x1
 286 0100 50       		.byte	0x50
 287 0101 01       		.uleb128 0x1
 288 0102 30       		.byte	0x30
 289 0103 00       		.byte	0
 290 0104 09       		.uleb128 0x9
 291 0105 0C000000 		.4byte	.LVL2
 292 0109 EB010000 		.4byte	0x1eb
 293 010d 0A       		.uleb128 0xa
 294 010e 16000000 		.4byte	.LVL5
 295 0112 F6010000 		.4byte	0x1f6
 296 0116 08       		.uleb128 0x8
 297 0117 01       		.uleb128 0x1
 298 0118 50       		.byte	0x50
 299 0119 05       		.uleb128 0x5
 300 011a 03       		.byte	0x3
 301 011b 00000000 		.4byte	.LC0
 302 011f 08       		.uleb128 0x8
 303 0120 01       		.uleb128 0x1
 304 0121 51       		.byte	0x51
 305 0122 02       		.uleb128 0x2
 306 0123 74       		.byte	0x74
 307 0124 00       		.sleb128 0
 308 0125 00       		.byte	0
 309 0126 00       		.byte	0
 310 0127 0B       		.uleb128 0xb
 311 0128 3D010000 		.4byte	.LASF34
 312 012c 01       		.byte	0x1
 313 012d 14       		.byte	0x14
 314 012e 73000000 		.4byte	0x73
 315 0132 00000000 		.4byte	.LFB64
 316 0136 34000000 		.4byte	.LFE64-.LFB64
 317 013a 01       		.uleb128 0x1
 318 013b 9C       		.byte	0x9c
 319 013c A8010000 		.4byte	0x1a8
 320 0140 0C       		.uleb128 0xc
 321 0141 16000000 		.4byte	.LBB2
 322 0145 1E000000 		.4byte	.LBE2-.LBB2
 323 0149 79010000 		.4byte	0x179
 324 014d 06       		.uleb128 0x6
 325 014e 21010000 		.4byte	.LASF20
 326 0152 01       		.byte	0x1
ARM GAS  C:\Users\MSTEFA~1\AppData\Local\Temp\ccKTFnhc.s 			page 8


 327 0153 29       		.byte	0x29
 328 0154 97000000 		.4byte	0x97
 329 0158 36000000 		.4byte	.LLST2
 330 015c 09       		.uleb128 0x9
 331 015d 1A000000 		.4byte	.LVL13
 332 0161 BA000000 		.4byte	0xba
 333 0165 0A       		.uleb128 0xa
 334 0166 28000000 		.4byte	.LVL15
 335 016a F6010000 		.4byte	0x1f6
 336 016e 08       		.uleb128 0x8
 337 016f 01       		.uleb128 0x1
 338 0170 50       		.byte	0x50
 339 0171 05       		.uleb128 0x5
 340 0172 03       		.byte	0x3
 341 0173 18000000 		.4byte	.LC2
 342 0177 00       		.byte	0
 343 0178 00       		.byte	0
 344 0179 09       		.uleb128 0x9
 345 017a 08000000 		.4byte	.LVL9
 346 017e 01020000 		.4byte	0x201
 347 0182 09       		.uleb128 0x9
 348 0183 0C000000 		.4byte	.LVL10
 349 0187 0C020000 		.4byte	0x20c
 350 018b 09       		.uleb128 0x9
 351 018c 10000000 		.4byte	.LVL11
 352 0190 17020000 		.4byte	0x217
 353 0194 0A       		.uleb128 0xa
 354 0195 16000000 		.4byte	.LVL12
 355 0199 22020000 		.4byte	0x222
 356 019d 08       		.uleb128 0x8
 357 019e 01       		.uleb128 0x1
 358 019f 50       		.byte	0x50
 359 01a0 05       		.uleb128 0x5
 360 01a1 03       		.byte	0x3
 361 01a2 0C000000 		.4byte	.LC1
 362 01a6 00       		.byte	0
 363 01a7 00       		.byte	0
 364 01a8 0D       		.uleb128 0xd
 365 01a9 29010000 		.4byte	.LASF21
 366 01ad 04       		.byte	0x4
 367 01ae 1207     		.2byte	0x712
 368 01b0 B4010000 		.4byte	0x1b4
 369 01b4 0E       		.uleb128 0xe
 370 01b5 8C000000 		.4byte	0x8c
 371 01b9 0F       		.uleb128 0xf
 372 01ba 42010000 		.4byte	.LASF22
 373 01be 01       		.byte	0x1
 374 01bf 0F       		.byte	0xf
 375 01c0 CA010000 		.4byte	0x1ca
 376 01c4 05       		.uleb128 0x5
 377 01c5 03       		.byte	0x3
 378 01c6 00000000 		.4byte	battery_voltage_convertion_coeffitient
 379 01ca 10       		.uleb128 0x10
 380 01cb 97000000 		.4byte	0x97
 381 01cf 0F       		.uleb128 0xf
 382 01d0 69010000 		.4byte	.LASF23
 383 01d4 01       		.byte	0x1
ARM GAS  C:\Users\MSTEFA~1\AppData\Local\Temp\ccKTFnhc.s 			page 9


 384 01d5 10       		.byte	0x10
 385 01d6 CA010000 		.4byte	0x1ca
 386 01da 05       		.uleb128 0x5
 387 01db 03       		.byte	0x3
 388 01dc 00000000 		.4byte	level_convert_coefficient
 389 01e0 11       		.uleb128 0x11
 390 01e1 4C020000 		.4byte	.LASF24
 391 01e5 4C020000 		.4byte	.LASF24
 392 01e9 05       		.byte	0x5
 393 01ea 39       		.byte	0x39
 394 01eb 11       		.uleb128 0x11
 395 01ec 90010000 		.4byte	.LASF25
 396 01f0 90010000 		.4byte	.LASF25
 397 01f4 05       		.byte	0x5
 398 01f5 3B       		.byte	0x3b
 399 01f6 11       		.uleb128 0x11
 400 01f7 07020000 		.4byte	.LASF26
 401 01fb 07020000 		.4byte	.LASF26
 402 01ff 06       		.byte	0x6
 403 0200 BB       		.byte	0xbb
 404 0201 11       		.uleb128 0x11
 405 0202 00000000 		.4byte	.LASF27
 406 0206 00000000 		.4byte	.LASF27
 407 020a 07       		.byte	0x7
 408 020b 54       		.byte	0x54
 409 020c 11       		.uleb128 0x11
 410 020d 31000000 		.4byte	.LASF28
 411 0211 31000000 		.4byte	.LASF28
 412 0215 05       		.byte	0x5
 413 0216 34       		.byte	0x34
 414 0217 11       		.uleb128 0x11
 415 0218 82020000 		.4byte	.LASF29
 416 021c 82020000 		.4byte	.LASF29
 417 0220 05       		.byte	0x5
 418 0221 D1       		.byte	0xd1
 419 0222 12       		.uleb128 0x12
 420 0223 71020000 		.4byte	.LASF35
 421 0227 51000000 		.4byte	.LASF36
 422 022b 08       		.byte	0x8
 423 022c 00       		.byte	0
 424 022d 71020000 		.4byte	.LASF35
 425 0231 00       		.byte	0
 426              		.section	.debug_abbrev,"",%progbits
 427              	.Ldebug_abbrev0:
 428 0000 01       		.uleb128 0x1
 429 0001 11       		.uleb128 0x11
 430 0002 01       		.byte	0x1
 431 0003 25       		.uleb128 0x25
 432 0004 0E       		.uleb128 0xe
 433 0005 13       		.uleb128 0x13
 434 0006 0B       		.uleb128 0xb
 435 0007 03       		.uleb128 0x3
 436 0008 0E       		.uleb128 0xe
 437 0009 1B       		.uleb128 0x1b
 438 000a 0E       		.uleb128 0xe
 439 000b 55       		.uleb128 0x55
 440 000c 17       		.uleb128 0x17
ARM GAS  C:\Users\MSTEFA~1\AppData\Local\Temp\ccKTFnhc.s 			page 10


 441 000d 11       		.uleb128 0x11
 442 000e 01       		.uleb128 0x1
 443 000f 10       		.uleb128 0x10
 444 0010 17       		.uleb128 0x17
 445 0011 00       		.byte	0
 446 0012 00       		.byte	0
 447 0013 02       		.uleb128 0x2
 448 0014 24       		.uleb128 0x24
 449 0015 00       		.byte	0
 450 0016 0B       		.uleb128 0xb
 451 0017 0B       		.uleb128 0xb
 452 0018 3E       		.uleb128 0x3e
 453 0019 0B       		.uleb128 0xb
 454 001a 03       		.uleb128 0x3
 455 001b 0E       		.uleb128 0xe
 456 001c 00       		.byte	0
 457 001d 00       		.byte	0
 458 001e 03       		.uleb128 0x3
 459 001f 16       		.uleb128 0x16
 460 0020 00       		.byte	0
 461 0021 03       		.uleb128 0x3
 462 0022 0E       		.uleb128 0xe
 463 0023 3A       		.uleb128 0x3a
 464 0024 0B       		.uleb128 0xb
 465 0025 3B       		.uleb128 0x3b
 466 0026 0B       		.uleb128 0xb
 467 0027 49       		.uleb128 0x49
 468 0028 13       		.uleb128 0x13
 469 0029 00       		.byte	0
 470 002a 00       		.byte	0
 471 002b 04       		.uleb128 0x4
 472 002c 24       		.uleb128 0x24
 473 002d 00       		.byte	0
 474 002e 0B       		.uleb128 0xb
 475 002f 0B       		.uleb128 0xb
 476 0030 3E       		.uleb128 0x3e
 477 0031 0B       		.uleb128 0xb
 478 0032 03       		.uleb128 0x3
 479 0033 08       		.uleb128 0x8
 480 0034 00       		.byte	0
 481 0035 00       		.byte	0
 482 0036 05       		.uleb128 0x5
 483 0037 2E       		.uleb128 0x2e
 484 0038 01       		.byte	0x1
 485 0039 3F       		.uleb128 0x3f
 486 003a 19       		.uleb128 0x19
 487 003b 03       		.uleb128 0x3
 488 003c 0E       		.uleb128 0xe
 489 003d 3A       		.uleb128 0x3a
 490 003e 0B       		.uleb128 0xb
 491 003f 3B       		.uleb128 0x3b
 492 0040 0B       		.uleb128 0xb
 493 0041 49       		.uleb128 0x49
 494 0042 13       		.uleb128 0x13
 495 0043 11       		.uleb128 0x11
 496 0044 01       		.uleb128 0x1
 497 0045 12       		.uleb128 0x12
ARM GAS  C:\Users\MSTEFA~1\AppData\Local\Temp\ccKTFnhc.s 			page 11


 498 0046 06       		.uleb128 0x6
 499 0047 40       		.uleb128 0x40
 500 0048 18       		.uleb128 0x18
 501 0049 9642     		.uleb128 0x2116
 502 004b 19       		.uleb128 0x19
 503 004c 01       		.uleb128 0x1
 504 004d 13       		.uleb128 0x13
 505 004e 00       		.byte	0
 506 004f 00       		.byte	0
 507 0050 06       		.uleb128 0x6
 508 0051 34       		.uleb128 0x34
 509 0052 00       		.byte	0
 510 0053 03       		.uleb128 0x3
 511 0054 0E       		.uleb128 0xe
 512 0055 3A       		.uleb128 0x3a
 513 0056 0B       		.uleb128 0xb
 514 0057 3B       		.uleb128 0x3b
 515 0058 0B       		.uleb128 0xb
 516 0059 49       		.uleb128 0x49
 517 005a 13       		.uleb128 0x13
 518 005b 02       		.uleb128 0x2
 519 005c 17       		.uleb128 0x17
 520 005d 00       		.byte	0
 521 005e 00       		.byte	0
 522 005f 07       		.uleb128 0x7
 523 0060 898201   		.uleb128 0x4109
 524 0063 01       		.byte	0x1
 525 0064 11       		.uleb128 0x11
 526 0065 01       		.uleb128 0x1
 527 0066 31       		.uleb128 0x31
 528 0067 13       		.uleb128 0x13
 529 0068 01       		.uleb128 0x1
 530 0069 13       		.uleb128 0x13
 531 006a 00       		.byte	0
 532 006b 00       		.byte	0
 533 006c 08       		.uleb128 0x8
 534 006d 8A8201   		.uleb128 0x410a
 535 0070 00       		.byte	0
 536 0071 02       		.uleb128 0x2
 537 0072 18       		.uleb128 0x18
 538 0073 9142     		.uleb128 0x2111
 539 0075 18       		.uleb128 0x18
 540 0076 00       		.byte	0
 541 0077 00       		.byte	0
 542 0078 09       		.uleb128 0x9
 543 0079 898201   		.uleb128 0x4109
 544 007c 00       		.byte	0
 545 007d 11       		.uleb128 0x11
 546 007e 01       		.uleb128 0x1
 547 007f 31       		.uleb128 0x31
 548 0080 13       		.uleb128 0x13
 549 0081 00       		.byte	0
 550 0082 00       		.byte	0
 551 0083 0A       		.uleb128 0xa
 552 0084 898201   		.uleb128 0x4109
 553 0087 01       		.byte	0x1
 554 0088 11       		.uleb128 0x11
ARM GAS  C:\Users\MSTEFA~1\AppData\Local\Temp\ccKTFnhc.s 			page 12


 555 0089 01       		.uleb128 0x1
 556 008a 31       		.uleb128 0x31
 557 008b 13       		.uleb128 0x13
 558 008c 00       		.byte	0
 559 008d 00       		.byte	0
 560 008e 0B       		.uleb128 0xb
 561 008f 2E       		.uleb128 0x2e
 562 0090 01       		.byte	0x1
 563 0091 3F       		.uleb128 0x3f
 564 0092 19       		.uleb128 0x19
 565 0093 03       		.uleb128 0x3
 566 0094 0E       		.uleb128 0xe
 567 0095 3A       		.uleb128 0x3a
 568 0096 0B       		.uleb128 0xb
 569 0097 3B       		.uleb128 0x3b
 570 0098 0B       		.uleb128 0xb
 571 0099 27       		.uleb128 0x27
 572 009a 19       		.uleb128 0x19
 573 009b 49       		.uleb128 0x49
 574 009c 13       		.uleb128 0x13
 575 009d 8701     		.uleb128 0x87
 576 009f 19       		.uleb128 0x19
 577 00a0 11       		.uleb128 0x11
 578 00a1 01       		.uleb128 0x1
 579 00a2 12       		.uleb128 0x12
 580 00a3 06       		.uleb128 0x6
 581 00a4 40       		.uleb128 0x40
 582 00a5 18       		.uleb128 0x18
 583 00a6 9642     		.uleb128 0x2116
 584 00a8 19       		.uleb128 0x19
 585 00a9 01       		.uleb128 0x1
 586 00aa 13       		.uleb128 0x13
 587 00ab 00       		.byte	0
 588 00ac 00       		.byte	0
 589 00ad 0C       		.uleb128 0xc
 590 00ae 0B       		.uleb128 0xb
 591 00af 01       		.byte	0x1
 592 00b0 11       		.uleb128 0x11
 593 00b1 01       		.uleb128 0x1
 594 00b2 12       		.uleb128 0x12
 595 00b3 06       		.uleb128 0x6
 596 00b4 01       		.uleb128 0x1
 597 00b5 13       		.uleb128 0x13
 598 00b6 00       		.byte	0
 599 00b7 00       		.byte	0
 600 00b8 0D       		.uleb128 0xd
 601 00b9 34       		.uleb128 0x34
 602 00ba 00       		.byte	0
 603 00bb 03       		.uleb128 0x3
 604 00bc 0E       		.uleb128 0xe
 605 00bd 3A       		.uleb128 0x3a
 606 00be 0B       		.uleb128 0xb
 607 00bf 3B       		.uleb128 0x3b
 608 00c0 05       		.uleb128 0x5
 609 00c1 49       		.uleb128 0x49
 610 00c2 13       		.uleb128 0x13
 611 00c3 3F       		.uleb128 0x3f
ARM GAS  C:\Users\MSTEFA~1\AppData\Local\Temp\ccKTFnhc.s 			page 13


 612 00c4 19       		.uleb128 0x19
 613 00c5 3C       		.uleb128 0x3c
 614 00c6 19       		.uleb128 0x19
 615 00c7 00       		.byte	0
 616 00c8 00       		.byte	0
 617 00c9 0E       		.uleb128 0xe
 618 00ca 35       		.uleb128 0x35
 619 00cb 00       		.byte	0
 620 00cc 49       		.uleb128 0x49
 621 00cd 13       		.uleb128 0x13
 622 00ce 00       		.byte	0
 623 00cf 00       		.byte	0
 624 00d0 0F       		.uleb128 0xf
 625 00d1 34       		.uleb128 0x34
 626 00d2 00       		.byte	0
 627 00d3 03       		.uleb128 0x3
 628 00d4 0E       		.uleb128 0xe
 629 00d5 3A       		.uleb128 0x3a
 630 00d6 0B       		.uleb128 0xb
 631 00d7 3B       		.uleb128 0x3b
 632 00d8 0B       		.uleb128 0xb
 633 00d9 49       		.uleb128 0x49
 634 00da 13       		.uleb128 0x13
 635 00db 3F       		.uleb128 0x3f
 636 00dc 19       		.uleb128 0x19
 637 00dd 02       		.uleb128 0x2
 638 00de 18       		.uleb128 0x18
 639 00df 00       		.byte	0
 640 00e0 00       		.byte	0
 641 00e1 10       		.uleb128 0x10
 642 00e2 26       		.uleb128 0x26
 643 00e3 00       		.byte	0
 644 00e4 49       		.uleb128 0x49
 645 00e5 13       		.uleb128 0x13
 646 00e6 00       		.byte	0
 647 00e7 00       		.byte	0
 648 00e8 11       		.uleb128 0x11
 649 00e9 2E       		.uleb128 0x2e
 650 00ea 00       		.byte	0
 651 00eb 3F       		.uleb128 0x3f
 652 00ec 19       		.uleb128 0x19
 653 00ed 3C       		.uleb128 0x3c
 654 00ee 19       		.uleb128 0x19
 655 00ef 6E       		.uleb128 0x6e
 656 00f0 0E       		.uleb128 0xe
 657 00f1 03       		.uleb128 0x3
 658 00f2 0E       		.uleb128 0xe
 659 00f3 3A       		.uleb128 0x3a
 660 00f4 0B       		.uleb128 0xb
 661 00f5 3B       		.uleb128 0x3b
 662 00f6 0B       		.uleb128 0xb
 663 00f7 00       		.byte	0
 664 00f8 00       		.byte	0
 665 00f9 12       		.uleb128 0x12
 666 00fa 2E       		.uleb128 0x2e
 667 00fb 00       		.byte	0
 668 00fc 3F       		.uleb128 0x3f
ARM GAS  C:\Users\MSTEFA~1\AppData\Local\Temp\ccKTFnhc.s 			page 14


 669 00fd 19       		.uleb128 0x19
 670 00fe 3C       		.uleb128 0x3c
 671 00ff 19       		.uleb128 0x19
 672 0100 6E       		.uleb128 0x6e
 673 0101 0E       		.uleb128 0xe
 674 0102 03       		.uleb128 0x3
 675 0103 0E       		.uleb128 0xe
 676 0104 3A       		.uleb128 0x3a
 677 0105 0B       		.uleb128 0xb
 678 0106 3B       		.uleb128 0x3b
 679 0107 0B       		.uleb128 0xb
 680 0108 6E       		.uleb128 0x6e
 681 0109 0E       		.uleb128 0xe
 682 010a 00       		.byte	0
 683 010b 00       		.byte	0
 684 010c 00       		.byte	0
 685              		.section	.debug_loc,"",%progbits
 686              	.Ldebug_loc0:
 687              	.LLST0:
 688 0000 02000000 		.4byte	.LVL0
 689 0004 2A000000 		.4byte	.LVL8
 690 0008 0600     		.2byte	0x6
 691 000a 9E       		.byte	0x9e
 692 000b 04       		.uleb128 0x4
 693 000c 00000000 		.4byte	0
 694 0010 2A000000 		.4byte	.LVL8
 695 0014 34000000 		.4byte	.LFE65
 696 0018 0100     		.2byte	0x1
 697 001a 50       		.byte	0x50
 698 001b 00000000 		.4byte	0
 699 001f 00000000 		.4byte	0
 700              	.LLST1:
 701 0023 0E000000 		.4byte	.LVL3
 702 0027 12000000 		.4byte	.LVL4
 703 002b 0100     		.2byte	0x1
 704 002d 50       		.byte	0x50
 705 002e 00000000 		.4byte	0
 706 0032 00000000 		.4byte	0
 707              	.LLST2:
 708 0036 1A000000 		.4byte	.LVL13
 709 003a 1D000000 		.4byte	.LVL14-1
 710 003e 0100     		.2byte	0x1
 711 0040 50       		.byte	0x50
 712 0041 00000000 		.4byte	0
 713 0045 00000000 		.4byte	0
 714              		.section	.debug_aranges,"",%progbits
 715 0000 24000000 		.4byte	0x24
 716 0004 0200     		.2byte	0x2
 717 0006 00000000 		.4byte	.Ldebug_info0
 718 000a 04       		.byte	0x4
 719 000b 00       		.byte	0
 720 000c 0000     		.2byte	0
 721 000e 0000     		.2byte	0
 722 0010 00000000 		.4byte	.LFB65
 723 0014 34000000 		.4byte	.LFE65-.LFB65
 724 0018 00000000 		.4byte	.LFB64
 725 001c 34000000 		.4byte	.LFE64-.LFB64
ARM GAS  C:\Users\MSTEFA~1\AppData\Local\Temp\ccKTFnhc.s 			page 15


 726 0020 00000000 		.4byte	0
 727 0024 00000000 		.4byte	0
 728              		.section	.debug_ranges,"",%progbits
 729              	.Ldebug_ranges0:
 730 0000 00000000 		.4byte	.LFB65
 731 0004 34000000 		.4byte	.LFE65
 732 0008 00000000 		.4byte	.LFB64
 733 000c 34000000 		.4byte	.LFE64
 734 0010 00000000 		.4byte	0
 735 0014 00000000 		.4byte	0
 736              		.section	.debug_line,"",%progbits
 737              	.Ldebug_line0:
 738 0000 15020000 		.section	.debug_str,"MS",%progbits,1
 738      0200DD01 
 738      00000201 
 738      FB0E0D00 
 738      01010101 
 739              	.LASF27:
 740 0000 55415254 		.ascii	"UART_1_Start\000"
 740      5F315F53 
 740      74617274 
 740      00
 741              	.LASF4:
 742 000d 5F5F696E 		.ascii	"__int16_t\000"
 742      7431365F 
 742      7400
 743              	.LASF33:
 744 0017 62617474 		.ascii	"battery_voltage\000"
 744      6572795F 
 744      766F6C74 
 744      61676500 
 745              	.LASF5:
 746 0027 5F5F696E 		.ascii	"__int32_t\000"
 746      7433325F 
 746      7400
 747              	.LASF28:
 748 0031 4144435F 		.ascii	"ADC_Battery_Start\000"
 748      42617474 
 748      6572795F 
 748      53746172 
 748      7400
 749              	.LASF12:
 750 0043 696E7433 		.ascii	"int32_t\000"
 750      325F7400 
 751              	.LASF13:
 752 004b 666C6F61 		.ascii	"float\000"
 752      7400
 753              	.LASF36:
 754 0051 5F5F6275 		.ascii	"__builtin_puts\000"
 754      696C7469 
 754      6E5F7075 
 754      747300
 755              	.LASF1:
 756 0060 756E7369 		.ascii	"unsigned char\000"
 756      676E6564 
 756      20636861 
 756      7200
ARM GAS  C:\Users\MSTEFA~1\AppData\Local\Temp\ccKTFnhc.s 			page 16


 757              	.LASF30:
 758 006e 474E5520 		.ascii	"GNU C11 5.4.1 20160609 (release) [ARM/embedded-5-br"
 758      43313120 
 758      352E342E 
 758      31203230 
 758      31363036 
 759 00a1 616E6368 		.ascii	"anch revision 237715] -mcpu=cortex-m3 -mthumb -g -O"
 759      20726576 
 759      6973696F 
 759      6E203233 
 759      37373135 
 760 00d4 67202D66 		.ascii	"g -ffunction-sections -ffat-lto-objects\000"
 760      66756E63 
 760      74696F6E 
 760      2D736563 
 760      74696F6E 
 761              	.LASF7:
 762 00fc 6C6F6E67 		.ascii	"long unsigned int\000"
 762      20756E73 
 762      69676E65 
 762      6420696E 
 762      7400
 763              	.LASF3:
 764 010e 73686F72 		.ascii	"short unsigned int\000"
 764      7420756E 
 764      7369676E 
 764      65642069 
 764      6E7400
 765              	.LASF20:
 766 0121 766F6C74 		.ascii	"voltage\000"
 766      61676500 
 767              	.LASF21:
 768 0129 49544D5F 		.ascii	"ITM_RxBuffer\000"
 768      52784275 
 768      66666572 
 768      00
 769              	.LASF14:
 770 0136 646F7562 		.ascii	"double\000"
 770      6C6500
 771              	.LASF34:
 772 013d 6D61696E 		.ascii	"main\000"
 772      00
 773              	.LASF22:
 774 0142 62617474 		.ascii	"battery_voltage_convertion_coeffitient\000"
 774      6572795F 
 774      766F6C74 
 774      6167655F 
 774      636F6E76 
 775              	.LASF23:
 776 0169 6C657665 		.ascii	"level_convert_coefficient\000"
 776      6C5F636F 
 776      6E766572 
 776      745F636F 
 776      65666669 
 777              	.LASF10:
 778 0183 756E7369 		.ascii	"unsigned int\000"
 778      676E6564 
ARM GAS  C:\Users\MSTEFA~1\AppData\Local\Temp\ccKTFnhc.s 			page 17


 778      20696E74 
 778      00
 779              	.LASF25:
 780 0190 4144435F 		.ascii	"ADC_Battery_GetResult16\000"
 780      42617474 
 780      6572795F 
 780      47657452 
 780      6573756C 
 781              	.LASF9:
 782 01a8 6C6F6E67 		.ascii	"long long unsigned int\000"
 782      206C6F6E 
 782      6720756E 
 782      7369676E 
 782      65642069 
 783              	.LASF19:
 784 01bf 6164635F 		.ascii	"adc_value\000"
 784      76616C75 
 784      6500
 785              	.LASF18:
 786 01c9 72657375 		.ascii	"result\000"
 786      6C7400
 787              	.LASF11:
 788 01d0 696E7431 		.ascii	"int16_t\000"
 788      365F7400 
 789              	.LASF16:
 790 01d8 6C6F6E67 		.ascii	"long double\000"
 790      20646F75 
 790      626C6500 
 791              	.LASF17:
 792 01e4 73697A65 		.ascii	"sizetype\000"
 792      74797065 
 792      00
 793              	.LASF8:
 794 01ed 6C6F6E67 		.ascii	"long long int\000"
 794      206C6F6E 
 794      6720696E 
 794      7400
 795              	.LASF31:
 796 01fb 6D61696E 		.ascii	"main.c\000"
 796      2E6300
 797              	.LASF15:
 798 0202 63686172 		.ascii	"char\000"
 798      00
 799              	.LASF26:
 800 0207 7072696E 		.ascii	"printf\000"
 800      746600
 801              	.LASF32:
 802 020e 433A5C44 		.ascii	"C:\\Documents\\Projects\\Simple_UART\\Hello_world.c"
 802      6F63756D 
 802      656E7473 
 802      5C50726F 
 802      6A656374 
 803 023d 7964736E 		.ascii	"ydsn\000"
 803      00
 804              	.LASF2:
 805 0242 73686F72 		.ascii	"short int\000"
 805      7420696E 
ARM GAS  C:\Users\MSTEFA~1\AppData\Local\Temp\ccKTFnhc.s 			page 18


 805      7400
 806              	.LASF24:
 807 024c 4144435F 		.ascii	"ADC_Battery_IsEndConversion\000"
 807      42617474 
 807      6572795F 
 807      4973456E 
 807      64436F6E 
 808              	.LASF6:
 809 0268 6C6F6E67 		.ascii	"long int\000"
 809      20696E74 
 809      00
 810              	.LASF35:
 811 0271 70757473 		.ascii	"puts\000"
 811      00
 812              	.LASF0:
 813 0276 7369676E 		.ascii	"signed char\000"
 813      65642063 
 813      68617200 
 814              	.LASF29:
 815 0282 4144435F 		.ascii	"ADC_Battery_StartConvert\000"
 815      42617474 
 815      6572795F 
 815      53746172 
 815      74436F6E 
 816              		.ident	"GCC: (GNU Tools for ARM Embedded Processors) 5.4.1 20160609 (release) [ARM/embedded-5-bran
